<?xml version="1.0" encoding="UTF-8"?>
<testsuite xmlns:xsi="http://www.w3.org/2001/XMLSchema-instance" xsi:noNamespaceSchemaLocation="https://maven.apache.org/surefire/maven-surefire-plugin/xsd/surefire-test-report.xsd" name="TestSocialLinks" time="162.495" tests="9" errors="0" skipped="0" failures="2">
  <properties>
[...]
</properties>
  <testcase name="openRequestForm{String, String}[1]" classname="TestSocialLinks" time="44.614"/>
  <testcase name="openRequestForm{String, String}[2]" classname="TestSocialLinks" time="25.979"/>
  <testcase name="openRequestForm{String, String}[3]" classname="TestSocialLinks" time="22.567">
    <failure message="expected: &lt;17&gt; but was: &lt;16&gt;" type="org.opentest4j.AssertionFailedError"><![CDATA[org.opentest4j.AssertionFailedError: expected: <17> but was: <16>
	at TestSocialLinks.openRequestForm(TestSocialLinks.java:58)
]]></failure>
    <system-out><![CDATA[Битая ссылка https://uslugi.admtyumen.ru/lk/catalog/grServices/service.htm?id=161@egServiceTarget
16 из 17
]]></system-out>
  </testcase>
  <testcase name="openRequestForm{String, String}[4]" classname="TestSocialLinks" time="14.748"/>
  <testcase name="openRequestForm{String, String}[5]" classname="TestSocialLinks" time="5.644">
    <failure message="expected: &lt;6&gt; but was: &lt;5&gt;" type="org.opentest4j.AssertionFailedError"><![CDATA[org.opentest4j.AssertionFailedError: expected: <6> but was: <5>
	at TestSocialLinks.openRequestForm(TestSocialLinks.java:58)
]]></failure>
    <system-out><![CDATA[Битая ссылка https://uslugi.admtyumen.ru/lk/catalog/grServices/service.htm?id=21@egServiceTarget
5 из 6
]]></system-out>
  </testcase>
  <testcase name="openRequestForm{String, String}[6]" classname="TestSocialLinks" time="14.278"/>
  <testcase name="openRequestForm{String, String}[7]" classname="TestSocialLinks" time="4.547"/>
  <testcase name="openRequestForm{String, String}[8]" classname="TestSocialLinks" time="20.061"/>
  <testcase name="openRequestForm{String, String}[9]" classname="TestSocialLinks" time="2.665"/>
</testsuite>